<?xml version="1.0" encoding="UTF-8"?>
<!-- Generated by org.testng.reporters.JUnitReportReporter -->
<testsuite hostname="Pradeep_Krishna" failures="0" tests="3" name="PractApril.LaunchURL_Test" time="11.618" errors="0" timestamp="2026-05-01T14:22:38 IST" skipped="0">
  <testcase classname="PractApril.LaunchURL_Test" name="LaunchRanorex" time="4.477"/>
  <testcase classname="PractApril.LaunchURL_Test" name="LaunchGoogle" time="2.233"/>
  <testcase classname="PractApril.LaunchURL_Test" name="LaunchBlazeMeter" time="4.908"/>
</testsuite> <!-- PractApril.LaunchURL_Test -->
