<?xml version="1.0" encoding="UTF-8"?>
<!-- Generated by org.testng.reporters.JUnitXMLReporter -->
<testsuite ignored="0" hostname="Pradeep_Krishna" failures="0" tests="3" name="Default test" time="11.643" errors="0" timestamp="2026-05-01T14:22:38 IST">
  <testcase classname="PractApril.LaunchURL_Test" name="LaunchRanorex" time="3.327"/>
  <testcase classname="PractApril.LaunchURL_Test" name="LaunchGoogle" time="1.381"/>
  <testcase classname="PractApril.LaunchURL_Test" name="LaunchBlazeMeter" time="4.057"/>
</testsuite> <!-- Default test -->
